

MiKTeX Setup Utility 5.5.0+2ed16f7 Report

Date: Monday, September 18, 2023
Time: 19:05:59
OS version: Linux 5.10.102.1-microsoft-standard-WSL2 #1 SMP Wed Mar 2 00:30:59 UTC 2022 x86_64
SystemAdmin: false
SharedSetup: false
UserRoots: <none specified>
UserData: <none specified>
UserConfig: <none specified>
CommonRoots: <none specified>
CommonData: <none specified>
CommonConfig: <none specified>
Installation: ~/miktex/texmfs/install
initexmf --principal=setup --portable=~/miktex/texmfs/install --disable-installer --verbose:
miktex --disable-installer --verbose fndb refresh:
miktex --disable-installer --verbose links install --force:
miktex --disable-installer --verbose fontmaps configure:
miktex --disable-installer --verbose languages configure:
initexmf --default-paper-size=A4 --disable-installer --verbose:
initexmf --set-config-value=[MPM]AutoInstall=2 --disable-installer --verbose:
miktex --disable-installer --verbose fndb refresh:
initexmf --report --disable-installer --verbose:
